<?xml version="1.0" encoding="UTF-8"?>
<testsuite xmlns:xsi="http://www.w3.org/2001/XMLSchema-instance" xsi:noNamespaceSchemaLocation="https://maven.apache.org/surefire/maven-surefire-plugin/xsd/surefire-test-report-3.0.xsd" version="3.0" name="TestSuite" time="7.859" tests="1" errors="0" skipped="0" failures="0">
  <properties>
    <property name="gopherProxySet" value="false"/>
    <property name="awt.toolkit" value="sun.lwawt.macosx.LWCToolkit"/>
    <property name="file.encoding.pkg" value="sun.io"/>
    <property name="java.specification.version" value="1.8"/>
    <property name="webdriver.chrome.driver" value="/Users/medzida/.cache/selenium/chromedriver/mac64/99.0.4844.51/chromedriver"/>
    <property name="sun.cpu.isalist" value=""/>
    <property name="sun.jnu.encoding" value="UTF-8"/>
    <property name="java.class.path" value="/Users/medzida/Documents/qamp-resources/target/test-classes:/Users/medzida/Documents/qamp-resources/target/classes:/Users/medzida/.m2/repository/org/seleniumhq/selenium/selenium-java/2.45.0/selenium-java-2.45.0.jar:/Users/medzida/.m2/repository/org/seleniumhq/selenium/selenium-chrome-driver/2.45.0/selenium-chrome-driver-2.45.0.jar:/Users/medzida/.m2/repository/org/seleniumhq/selenium/selenium-remote-driver/2.45.0/selenium-remote-driver-2.45.0.jar:/Users/medzida/.m2/repository/cglib/cglib-nodep/2.1_3/cglib-nodep-2.1_3.jar:/Users/medzida/.m2/repository/org/seleniumhq/selenium/selenium-api/2.45.0/selenium-api-2.45.0.jar:/Users/medzida/.m2/repository/com/google/guava/guava/18.0/guava-18.0.jar:/Users/medzida/.m2/repository/org/seleniumhq/selenium/selenium-htmlunit-driver/2.45.0/selenium-htmlunit-driver-2.45.0.jar:/Users/medzida/.m2/repository/net/sourceforge/htmlunit/htmlunit/2.15/htmlunit-2.15.jar:/Users/medzida/.m2/repository/xalan/xalan/2.7.1/xalan-2.7.1.jar:/Users/medzida/.m2/repository/xalan/serializer/2.7.1/serializer-2.7.1.jar:/Users/medzida/.m2/repository/commons-collections/commons-collections/3.2.1/commons-collections-3.2.1.jar:/Users/medzida/.m2/repository/org/apache/httpcomponents/httpmime/4.3.3/httpmime-4.3.3.jar:/Users/medzida/.m2/repository/net/sourceforge/htmlunit/htmlunit-core-js/2.15/htmlunit-core-js-2.15.jar:/Users/medzida/.m2/repository/xerces/xercesImpl/2.11.0/xercesImpl-2.11.0.jar:/Users/medzida/.m2/repository/xml-apis/xml-apis/1.4.01/xml-apis-1.4.01.jar:/Users/medzida/.m2/repository/net/sourceforge/nekohtml/nekohtml/1.9.21/nekohtml-1.9.21.jar:/Users/medzida/.m2/repository/net/sourceforge/cssparser/cssparser/0.9.14/cssparser-0.9.14.jar:/Users/medzida/.m2/repository/org/w3c/css/sac/1.3/sac-1.3.jar:/Users/medzida/.m2/repository/org/eclipse/jetty/jetty-websocket/8.1.15.v20140411/jetty-websocket-8.1.15.v20140411.jar:/Users/medzida/.m2/repository/org/eclipse/jetty/jetty-util/8.1.15.v20140411/jetty-util-8.1.15.v20140411.jar:/Users/medzida/.m2/repository/org/eclipse/jetty/jetty-io/8.1.15.v20140411/jetty-io-8.1.15.v20140411.jar:/Users/medzida/.m2/repository/org/eclipse/jetty/jetty-http/8.1.15.v20140411/jetty-http-8.1.15.v20140411.jar:/Users/medzida/.m2/repository/org/apache/httpcomponents/httpclient/4.3.6/httpclient-4.3.6.jar:/Users/medzida/.m2/repository/org/apache/httpcomponents/httpcore/4.3.3/httpcore-4.3.3.jar:/Users/medzida/.m2/repository/org/seleniumhq/selenium/selenium-firefox-driver/2.45.0/selenium-firefox-driver-2.45.0.jar:/Users/medzida/.m2/repository/org/apache/commons/commons-exec/1.1/commons-exec-1.1.jar:/Users/medzida/.m2/repository/org/seleniumhq/selenium/selenium-ie-driver/2.45.0/selenium-ie-driver-2.45.0.jar:/Users/medzida/.m2/repository/net/java/dev/jna/jna/3.4.0/jna-3.4.0.jar:/Users/medzida/.m2/repository/net/java/dev/jna/platform/3.4.0/platform-3.4.0.jar:/Users/medzida/.m2/repository/org/seleniumhq/selenium/selenium-safari-driver/2.45.0/selenium-safari-driver-2.45.0.jar:/Users/medzida/.m2/repository/org/seleniumhq/selenium/selenium-support/2.45.0/selenium-support-2.45.0.jar:/Users/medzida/.m2/repository/org/webbitserver/webbit/0.4.14/webbit-0.4.14.jar:/Users/medzida/.m2/repository/io/netty/netty/3.5.2.Final/netty-3.5.2.Final.jar:/Users/medzida/.m2/repository/org/seleniumhq/selenium/selenium-leg-rc/2.45.0/selenium-leg-rc-2.45.0.jar:/Users/medzida/.m2/repository/org/testng/testng/6.10/testng-6.10.jar:/Users/medzida/.m2/repository/com/beust/jcommander/1.48/jcommander-1.48.jar:/Users/medzida/.m2/repository/org/springframework/spring-context/4.1.5.RELEASE/spring-context-4.1.5.RELEASE.jar:/Users/medzida/.m2/repository/org/springframework/spring-aop/4.1.5.RELEASE/spring-aop-4.1.5.RELEASE.jar:/Users/medzida/.m2/repository/aopalliance/aopalliance/1.0/aopalliance-1.0.jar:/Users/medzida/.m2/repository/org/springframework/spring-beans/4.1.5.RELEASE/spring-beans-4.1.5.RELEASE.jar:/Users/medzida/.m2/repository/org/springframework/spring-core/4.1.5.RELEASE/spring-core-4.1.5.RELEASE.jar:/Users/medzida/.m2/repository/commons-logging/commons-logging/1.2/commons-logging-1.2.jar:/Users/medzida/.m2/repository/org/springframework/spring-expression/4.1.5.RELEASE/spring-expression-4.1.5.RELEASE.jar:/Users/medzida/.m2/repository/org/springframework/spring-test/4.1.5.RELEASE/spring-test-4.1.5.RELEASE.jar:/Users/medzida/.m2/repository/io/github/bonigarcia/webdrivermanager/4.2.0/webdrivermanager-4.2.0.jar:/Users/medzida/.m2/repository/org/slf4j/slf4j-api/1.7.30/slf4j-api-1.7.30.jar:/Users/medzida/.m2/repository/commons-io/commons-io/2.7/commons-io-2.7.jar:/Users/medzida/.m2/repository/com/google/code/gson/gson/2.8.6/gson-2.8.6.jar:/Users/medzida/.m2/repository/org/apache/commons/commons-lang3/3.11/commons-lang3-3.11.jar:/Users/medzida/.m2/repository/org/apache/httpcomponents/client5/httpclient5/5.0.1/httpclient5-5.0.1.jar:/Users/medzida/.m2/repository/org/apache/httpcomponents/core5/httpcore5/5.0.1/httpcore5-5.0.1.jar:/Users/medzida/.m2/repository/org/apache/httpcomponents/core5/httpcore5-h2/5.0.1/httpcore5-h2-5.0.1.jar:/Users/medzida/.m2/repository/commons-codec/commons-codec/1.13/commons-codec-1.13.jar:/Users/medzida/.m2/repository/org/rauschig/jarchivelib/1.0.0/jarchivelib-1.0.0.jar:/Users/medzida/.m2/repository/org/apache/commons/commons-compress/1.18/commons-compress-1.18.jar:/Users/medzida/.m2/repository/org/jsoup/jsoup/1.13.1/jsoup-1.13.1.jar:"/>
    <property name="java.vm.vendor" value="Oracle Corporation"/>
    <property name="sun.arch.data.model" value="64"/>
    <property name="java.vendor.url" value="http://java.oracle.com/"/>
    <property name="user.timezone" value="Europe/Sarajevo"/>
    <property name="user.country.format" value="GS"/>
    <property name="host" value="https://demo.placelab.com/"/>
    <property name="java.vm.specification.version" value="1.8"/>
    <property name="os.name" value="Mac OS X"/>
    <property name="user.country" value="GB"/>
    <property name="sun.java.launcher" value="SUN_STANDARD"/>
    <property name="sun.boot.library.path" value="/Library/Java/JavaVirtualMachines/jdk1.8.0_172.jdk/Contents/Home/jre/lib"/>
    <property name="sun.java.command" value="/Users/medzida/Documents/qamp-resources/target/surefire/surefirebooter6251280613609807944.jar /Users/medzida/Documents/qamp-resources/target/surefire 2022-03-22T18-15-54_137-jvmRun1 surefire805220090515296931tmp surefire_08165886583805317899tmp"/>
    <property name="http.nonProxyHosts" value="local|*.local|169.254/16|*.169.254/16"/>
    <property name="surefire.test.class.path" value="/Users/medzida/Documents/qamp-resources/target/test-classes:/Users/medzida/Documents/qamp-resources/target/classes:/Users/medzida/.m2/repository/org/seleniumhq/selenium/selenium-java/2.45.0/selenium-java-2.45.0.jar:/Users/medzida/.m2/repository/org/seleniumhq/selenium/selenium-chrome-driver/2.45.0/selenium-chrome-driver-2.45.0.jar:/Users/medzida/.m2/repository/org/seleniumhq/selenium/selenium-remote-driver/2.45.0/selenium-remote-driver-2.45.0.jar:/Users/medzida/.m2/repository/cglib/cglib-nodep/2.1_3/cglib-nodep-2.1_3.jar:/Users/medzida/.m2/repository/org/seleniumhq/selenium/selenium-api/2.45.0/selenium-api-2.45.0.jar:/Users/medzida/.m2/repository/com/google/guava/guava/18.0/guava-18.0.jar:/Users/medzida/.m2/repository/org/seleniumhq/selenium/selenium-htmlunit-driver/2.45.0/selenium-htmlunit-driver-2.45.0.jar:/Users/medzida/.m2/repository/net/sourceforge/htmlunit/htmlunit/2.15/htmlunit-2.15.jar:/Users/medzida/.m2/repository/xalan/xalan/2.7.1/xalan-2.7.1.jar:/Users/medzida/.m2/repository/xalan/serializer/2.7.1/serializer-2.7.1.jar:/Users/medzida/.m2/repository/commons-collections/commons-collections/3.2.1/commons-collections-3.2.1.jar:/Users/medzida/.m2/repository/org/apache/httpcomponents/httpmime/4.3.3/httpmime-4.3.3.jar:/Users/medzida/.m2/repository/net/sourceforge/htmlunit/htmlunit-core-js/2.15/htmlunit-core-js-2.15.jar:/Users/medzida/.m2/repository/xerces/xercesImpl/2.11.0/xercesImpl-2.11.0.jar:/Users/medzida/.m2/repository/xml-apis/xml-apis/1.4.01/xml-apis-1.4.01.jar:/Users/medzida/.m2/repository/net/sourceforge/nekohtml/nekohtml/1.9.21/nekohtml-1.9.21.jar:/Users/medzida/.m2/repository/net/sourceforge/cssparser/cssparser/0.9.14/cssparser-0.9.14.jar:/Users/medzida/.m2/repository/org/w3c/css/sac/1.3/sac-1.3.jar:/Users/medzida/.m2/repository/org/eclipse/jetty/jetty-websocket/8.1.15.v20140411/jetty-websocket-8.1.15.v20140411.jar:/Users/medzida/.m2/repository/org/eclipse/jetty/jetty-util/8.1.15.v20140411/jetty-util-8.1.15.v20140411.jar:/Users/medzida/.m2/repository/org/eclipse/jetty/jetty-io/8.1.15.v20140411/jetty-io-8.1.15.v20140411.jar:/Users/medzida/.m2/repository/org/eclipse/jetty/jetty-http/8.1.15.v20140411/jetty-http-8.1.15.v20140411.jar:/Users/medzida/.m2/repository/org/apache/httpcomponents/httpclient/4.3.6/httpclient-4.3.6.jar:/Users/medzida/.m2/repository/org/apache/httpcomponents/httpcore/4.3.3/httpcore-4.3.3.jar:/Users/medzida/.m2/repository/org/seleniumhq/selenium/selenium-firefox-driver/2.45.0/selenium-firefox-driver-2.45.0.jar:/Users/medzida/.m2/repository/org/apache/commons/commons-exec/1.1/commons-exec-1.1.jar:/Users/medzida/.m2/repository/org/seleniumhq/selenium/selenium-ie-driver/2.45.0/selenium-ie-driver-2.45.0.jar:/Users/medzida/.m2/repository/net/java/dev/jna/jna/3.4.0/jna-3.4.0.jar:/Users/medzida/.m2/repository/net/java/dev/jna/platform/3.4.0/platform-3.4.0.jar:/Users/medzida/.m2/repository/org/seleniumhq/selenium/selenium-safari-driver/2.45.0/selenium-safari-driver-2.45.0.jar:/Users/medzida/.m2/repository/org/seleniumhq/selenium/selenium-support/2.45.0/selenium-support-2.45.0.jar:/Users/medzida/.m2/repository/org/webbitserver/webbit/0.4.14/webbit-0.4.14.jar:/Users/medzida/.m2/repository/io/netty/netty/3.5.2.Final/netty-3.5.2.Final.jar:/Users/medzida/.m2/repository/org/seleniumhq/selenium/selenium-leg-rc/2.45.0/selenium-leg-rc-2.45.0.jar:/Users/medzida/.m2/repository/org/testng/testng/6.10/testng-6.10.jar:/Users/medzida/.m2/repository/com/beust/jcommander/1.48/jcommander-1.48.jar:/Users/medzida/.m2/repository/org/springframework/spring-context/4.1.5.RELEASE/spring-context-4.1.5.RELEASE.jar:/Users/medzida/.m2/repository/org/springframework/spring-aop/4.1.5.RELEASE/spring-aop-4.1.5.RELEASE.jar:/Users/medzida/.m2/repository/aopalliance/aopalliance/1.0/aopalliance-1.0.jar:/Users/medzida/.m2/repository/org/springframework/spring-beans/4.1.5.RELEASE/spring-beans-4.1.5.RELEASE.jar:/Users/medzida/.m2/repository/org/springframework/spring-core/4.1.5.RELEASE/spring-core-4.1.5.RELEASE.jar:/Users/medzida/.m2/repository/commons-logging/commons-logging/1.2/commons-logging-1.2.jar:/Users/medzida/.m2/repository/org/springframework/spring-expression/4.1.5.RELEASE/spring-expression-4.1.5.RELEASE.jar:/Users/medzida/.m2/repository/org/springframework/spring-test/4.1.5.RELEASE/spring-test-4.1.5.RELEASE.jar:/Users/medzida/.m2/repository/io/github/bonigarcia/webdrivermanager/4.2.0/webdrivermanager-4.2.0.jar:/Users/medzida/.m2/repository/org/slf4j/slf4j-api/1.7.30/slf4j-api-1.7.30.jar:/Users/medzida/.m2/repository/commons-io/commons-io/2.7/commons-io-2.7.jar:/Users/medzida/.m2/repository/com/google/code/gson/gson/2.8.6/gson-2.8.6.jar:/Users/medzida/.m2/repository/org/apache/commons/commons-lang3/3.11/commons-lang3-3.11.jar:/Users/medzida/.m2/repository/org/apache/httpcomponents/client5/httpclient5/5.0.1/httpclient5-5.0.1.jar:/Users/medzida/.m2/repository/org/apache/httpcomponents/core5/httpcore5/5.0.1/httpcore5-5.0.1.jar:/Users/medzida/.m2/repository/org/apache/httpcomponents/core5/httpcore5-h2/5.0.1/httpcore5-h2-5.0.1.jar:/Users/medzida/.m2/repository/commons-codec/commons-codec/1.13/commons-codec-1.13.jar:/Users/medzida/.m2/repository/org/rauschig/jarchivelib/1.0.0/jarchivelib-1.0.0.jar:/Users/medzida/.m2/repository/org/apache/commons/commons-compress/1.18/commons-compress-1.18.jar:/Users/medzida/.m2/repository/org/jsoup/jsoup/1.13.1/jsoup-1.13.1.jar:"/>
    <property name="sun.cpu.endian" value="little"/>
    <property name="user.home" value="/Users/medzida"/>
    <property name="user.language" value="en"/>
    <property name="java.specification.vendor" value="Oracle Corporation"/>
    <property name="java.home" value="/Library/Java/JavaVirtualMachines/jdk1.8.0_172.jdk/Contents/Home/jre"/>
    <property name="basedir" value="/Users/medzida/Documents/qamp-resources"/>
    <property name="file.separator" value="/"/>
    <property name="line.separator" value="&#10;"/>
    <property name="java.vm.specification.vendor" value="Oracle Corporation"/>
    <property name="java.specification.name" value="Java Platform API Specification"/>
    <property name="java.awt.graphicsenv" value="sun.awt.CGraphicsEnvironment"/>
    <property name="surefire.real.class.path" value="/Users/medzida/Documents/qamp-resources/target/surefire/surefirebooter6251280613609807944.jar"/>
    <property name="sun.boot.class.path" value="/Library/Java/JavaVirtualMachines/jdk1.8.0_172.jdk/Contents/Home/jre/lib/resources.jar:/Library/Java/JavaVirtualMachines/jdk1.8.0_172.jdk/Contents/Home/jre/lib/rt.jar:/Library/Java/JavaVirtualMachines/jdk1.8.0_172.jdk/Contents/Home/jre/lib/sunrsasign.jar:/Library/Java/JavaVirtualMachines/jdk1.8.0_172.jdk/Contents/Home/jre/lib/jsse.jar:/Library/Java/JavaVirtualMachines/jdk1.8.0_172.jdk/Contents/Home/jre/lib/jce.jar:/Library/Java/JavaVirtualMachines/jdk1.8.0_172.jdk/Contents/Home/jre/lib/charsets.jar:/Library/Java/JavaVirtualMachines/jdk1.8.0_172.jdk/Contents/Home/jre/lib/jfr.jar:/Library/Java/JavaVirtualMachines/jdk1.8.0_172.jdk/Contents/Home/jre/classes"/>
    <property name="sun.management.compiler" value="HotSpot 64-Bit Tiered Compilers"/>
    <property name="ftp.nonProxyHosts" value="local|*.local|169.254/16|*.169.254/16"/>
    <property name="java.runtime.version" value="1.8.0_172-b11"/>
    <property name="user.name" value="medzida"/>
    <property name="path.separator" value=":"/>
    <property name="os.version" value="10.16"/>
    <property name="java.endorsed.dirs" value="/Library/Java/JavaVirtualMachines/jdk1.8.0_172.jdk/Contents/Home/jre/lib/endorsed"/>
    <property name="java.runtime.name" value="Java(TM) SE Runtime Environment"/>
    <property name="file.encoding" value="UTF-8"/>
    <property name="java.vm.name" value="Java HotSpot(TM) 64-Bit Server VM"/>
    <property name="localRepository" value="/Users/medzida/.m2/repository"/>
    <property name="java.vendor.url.bug" value="http://bugreport.sun.com/bugreport/"/>
    <property name="java.io.tmpdir" value="/var/folders/33/_vgl5v356jncgxgqtkfqhs680000gn/T/"/>
    <property name="java.version" value="1.8.0_172"/>
    <property name="user.dir" value="/Users/medzida/Documents/qamp-resources"/>
    <property name="os.arch" value="x86_64"/>
    <property name="java.vm.specification.name" value="Java Virtual Machine Specification"/>
    <property name="java.awt.printerjob" value="sun.lwawt.macosx.CPrinterJob"/>
    <property name="sun.os.patch.level" value="unknown"/>
    <property name="java.library.path" value="/Users/medzida/Library/Java/Extensions:/Library/Java/Extensions:/Network/Library/Java/Extensions:/System/Library/Java/Extensions:/usr/lib/java:."/>
    <property name="java.vm.info" value="mixed mode"/>
    <property name="java.vendor" value="Oracle Corporation"/>
    <property name="java.vm.version" value="25.172-b11"/>
    <property name="java.ext.dirs" value="/Users/medzida/Library/Java/Extensions:/Library/Java/JavaVirtualMachines/jdk1.8.0_172.jdk/Contents/Home/jre/lib/ext:/Library/Java/Extensions:/Network/Library/Java/Extensions:/System/Library/Java/Extensions:/usr/lib/java"/>
    <property name="sun.io.unicode.encoding" value="UnicodeBig"/>
    <property name="java.class.version" value="52.0"/>
    <property name="socksNonProxyHosts" value="local|*.local|169.254/16|*.169.254/16"/>
  </properties>
  <testcase name="testLoginPage" classname="placelab.tests.LoginTest" time="4.106">
    <system-err><![CDATA[SLF4J: Failed to load class "org.slf4j.impl.StaticLoggerBinder".
SLF4J: Defaulting to no-operation (NOP) logger implementation
SLF4J: See http://www.slf4j.org/codes.html#StaticLoggerBinder for further details.
Starting ChromeDriver 99.0.4844.51 (d537ec02474b5afe23684e7963d538896c63ac77-refs/branch-heads/4844@{#875}) on port 31017
Only local connections are allowed.
Please see https://chromedriver.chromium.org/security-considerations for suggestions on keeping ChromeDriver safe.
ChromeDriver was started successfully.
]]></system-err>
  </testcase>
</testsuite>