<?xml version="1.0" encoding="UTF-8"?>
<!-- Generated by org.testng.reporters.JUnitReportReporter -->
<testsuite hostname="DESKTOP-V23S8E5" failures="0" tests="1" name="placelab.tests.LoginTest" time="17.029" errors="0" timestamp="2022-03-28T14:18:35 CEST" skipped="0">
  <testcase classname="placelab.tests.LoginTest" name="testLoginPage" time="17.029"/>
  <system-out/>
</testsuite> <!-- placelab.tests.LoginTest -->
