<?xml version="1.0" encoding="UTF-8"?>
<!-- Generated by org.testng.reporters.JUnitReportReporter -->
<testsuite name="placelab.tests.LoginTest" tests="1" time="4.119" ignored="0" failures="0" timestamp="22 Mar 2022 17:16:02 GMT" skipped="0" hostname="Medzidas-MacBook-Pro-16-inch.local" errors="0">
  <testcase name="testLoginPage" time="4.119" classname="placelab.tests.LoginTest"/>
</testsuite> <!-- placelab.tests.LoginTest -->
