<?xml version="1.0" encoding="UTF-8"?>
<!-- Generated by org.testng.reporters.JUnitReportReporter -->
<testsuite name="placelab.tests.LoginTest" tests="1" time="3.118" ignored="0" failures="0" timestamp="23 Mar 2022 10:57:50 GMT" skipped="0" hostname="Medzidas-MacBook-Pro-16-inch.local" errors="0">
  <testcase name="testLoginPage" time="3.118" classname="placelab.tests.LoginTest"/>
</testsuite> <!-- placelab.tests.LoginTest -->
